<?xml version="1.0" encoding="UTF-8"?>
<testsuite xmlns:xsi="http://www.w3.org/2001/XMLSchema-instance" xsi:noNamespaceSchemaLocation="https://maven.apache.org/surefire/maven-surefire-plugin/xsd/surefire-test-report-3.0.xsd" version="3.0" name="com.test.restassured.PostRequestTest" time="1.216" tests="3" errors="0" skipped="0" failures="0">
  <properties>
[...]
</properties>
  <testcase name="testCreatePostWithJsonBody" classname="com.test.restassured.PostRequestTest" time="0.542">
    <system-out><![CDATA[✓ POST /posts testi başarılı!
  - Status Code: 201
  - Response Time: 267 ms
  - Oluşturulan Post ID: 101
  - Post Title: Test Post Başlığı
]]></system-out>
  </testcase>
  <testcase name="testCreatePostWithStringJsonBody" classname="com.test.restassured.PostRequestTest" time="0.303">
    <system-out><![CDATA[✓ POST /posts (String JSON) testi başarılı!
  - Status Code: 201
  - Response Time: 240 ms
  - Post Title: String JSON ile Test Post
]]></system-out>
  </testcase>
  <testcase name="testCreateComment" classname="com.test.restassured.PostRequestTest" time="0.356">
    <system-out><![CDATA[✓ POST /comments testi başarılı!
  - Status Code: 201
  - Response Time: 294 ms
  - Oluşturulan Comment ID: 501
  - Email: test@example.com
]]></system-out>
  </testcase>
</testsuite>